[debug] [2024-07-07T05:40:26.971Z] ----------------------------------------------------------------------
[debug] [2024-07-07T05:40:26.973Z] Command:       C:\Program Files\nodejs\node.exe C:\Users\Yogesh\AppData\Roaming\npm\node_modules\firebase-tools\lib\bin\firebase.js init
[debug] [2024-07-07T05:40:26.974Z] CLI Version:   13.13.0
[debug] [2024-07-07T05:40:26.974Z] Platform:      win32
[debug] [2024-07-07T05:40:26.974Z] Node Version:  v18.16.1
[debug] [2024-07-07T05:40:26.975Z] Time:          Sun Jul 07 2024 11:10:26 GMT+0530 (India Standard Time)
[debug] [2024-07-07T05:40:26.975Z] ----------------------------------------------------------------------
[debug] 
[debug] [2024-07-07T05:40:26.982Z] > command requires scopes: ["email","openid","https://www.googleapis.com/auth/cloudplatformprojects.readonly","https://www.googleapis.com/auth/firebase","https://www.googleapis.com/auth/cloud-platform"]
[debug] [2024-07-07T05:40:26.983Z] > authorizing via signed-in user (kuralarasan3112@gmail.com)
[info] 
     ######## #### ########  ######## ########     ###     ######  ########
     ##        ##  ##     ## ##       ##     ##  ##   ##  ##       ##
     ######    ##  ########  ######   ########  #########  ######  ######
     ##        ##  ##    ##  ##       ##     ## ##     ##       ## ##
     ##       #### ##     ## ######## ########  ##     ##  ######  ########

You're about to initialize a Firebase project in this directory:

  C:\Users\Yogesh\OneDrive\Desktop\React profile\profile

[info] 
=== Project Setup
[info] 
[info] First, let's associate this project directory with a Firebase project.
[info] You can create multiple project aliases by running firebase use --add, 
[info] but for now we'll just set up a default project.
[info] 
[debug] [2024-07-07T05:40:55.676Z] > refreshing access token with scopes: []
[debug] [2024-07-07T05:40:55.678Z] >>> [apiv2][query] POST https://www.googleapis.com/oauth2/v3/token [none]
[debug] [2024-07-07T05:40:55.678Z] >>> [apiv2][body] POST https://www.googleapis.com/oauth2/v3/token [omitted]
[debug] [2024-07-07T05:40:56.902Z] <<< [apiv2][status] POST https://www.googleapis.com/oauth2/v3/token 200
[debug] [2024-07-07T05:40:56.902Z] <<< [apiv2][body] POST https://www.googleapis.com/oauth2/v3/token [omitted]
[debug] [2024-07-07T05:40:56.911Z] >>> [apiv2][query] GET https://firebase.googleapis.com/v1beta1/projects pageSize=100
[debug] [2024-07-07T05:40:57.754Z] <<< [apiv2][status] GET https://firebase.googleapis.com/v1beta1/projects 200
[debug] [2024-07-07T05:40:57.754Z] <<< [apiv2][body] GET https://firebase.googleapis.com/v1beta1/projects [omitted]
